<?xml version="1.0" encoding="UTF-8"?>
<testsuites>
  <testsuite name="" tests="89" assertions="428" errors="0" failures="0" skipped="0" time="9.274511">
    <testsuite name="TercerCielo Tests" tests="89" assertions="428" errors="0" failures="0" skipped="0" time="9.274511">
      <testsuite name="AdminTest" file="C:\xampp\htdocs\tercer_cielo\tests\AdminTest.php" tests="12" assertions="213" errors="0" failures="0" skipped="0" time="4.863246">
        <testcase name="testGetEstadisticasAdmin" file="C:\xampp\htdocs\tercer_cielo\tests\AdminTest.php" line="32" class="AdminTest" classname="AdminTest" assertions="18" time="0.463516"/>
        <testcase name="testGetPedidosAdminSinFiltros" file="C:\xampp\htdocs\tercer_cielo\tests\AdminTest.php" line="59" class="AdminTest" classname="AdminTest" assertions="6" time="0.037889"/>
        <testcase name="testGetPedidosAdminConFiltroEstado" file="C:\xampp\htdocs\tercer_cielo\tests\AdminTest.php" line="78" class="AdminTest" classname="AdminTest" assertions="26" time="0.015182"/>
        <testcase name="testGetPedidosAdminConBusqueda" file="C:\xampp\htdocs\tercer_cielo\tests\AdminTest.php" line="95" class="AdminTest" classname="AdminTest" assertions="2" time="0.007350"/>
        <testcase name="testGetPedidosAdminConOrdenamiento" file="C:\xampp\htdocs\tercer_cielo\tests\AdminTest.php" line="115" class="AdminTest" classname="AdminTest" assertions="106" time="0.024180"/>
        <testcase name="testActualizarEstadoPedido" file="C:\xampp\htdocs\tercer_cielo\tests\AdminTest.php" line="137" class="AdminTest" classname="AdminTest" assertions="3" time="4.269177"/>
        <testcase name="testGenerarReporteVentas" file="C:\xampp\htdocs\tercer_cielo\tests\AdminTest.php" line="165" class="AdminTest" classname="AdminTest" assertions="12" time="0.019057"/>
        <testcase name="testGenerarReporteStock" file="C:\xampp\htdocs\tercer_cielo\tests\AdminTest.php" line="194" class="AdminTest" classname="AdminTest" assertions="7" time="0.007874"/>
        <testcase name="testGenerarReporteStockPorCategoria" file="C:\xampp\htdocs\tercer_cielo\tests\AdminTest.php" line="217" class="AdminTest" classname="AdminTest" assertions="3" time="0.003794"/>
        <testcase name="testGetEstadisticasStock" file="C:\xampp\htdocs\tercer_cielo\tests\AdminTest.php" line="239" class="AdminTest" classname="AdminTest" assertions="6" time="0.004642"/>
        <testcase name="testGetContadoresPedidos" file="C:\xampp\htdocs\tercer_cielo\tests\AdminTest.php" line="258" class="AdminTest" classname="AdminTest" assertions="21" time="0.006020"/>
        <testcase name="testEstadisticasConsistentes" file="C:\xampp\htdocs\tercer_cielo\tests\AdminTest.php" line="281" class="AdminTest" classname="AdminTest" assertions="3" time="0.004567"/>
      </testsuite>
      <testsuite name="BannersTest" file="C:\xampp\htdocs\tercer_cielo\tests\BannersTest.php" tests="12" assertions="45" errors="0" failures="0" skipped="0" time="0.097587">
        <testcase name="testObtenerTodosBanners" file="C:\xampp\htdocs\tercer_cielo\tests\BannersTest.php" line="35" class="BannersTest" classname="BannersTest" assertions="5" time="0.003953"/>
        <testcase name="testObtenerSoloBannersHabilitados" file="C:\xampp\htdocs\tercer_cielo\tests\BannersTest.php" line="52" class="BannersTest" classname="BannersTest" assertions="5" time="0.003091"/>
        <testcase name="testAgregarBannerExitoso" file="C:\xampp\htdocs\tercer_cielo\tests\BannersTest.php" line="66" class="BannersTest" classname="BannersTest" assertions="4" time="0.012095"/>
        <testcase name="testAgregarBannerSinImagen" file="C:\xampp\htdocs\tercer_cielo\tests\BannersTest.php" line="89" class="BannersTest" classname="BannersTest" assertions="2" time="0.002178"/>
        <testcase name="testActualizarBannerExitoso" file="C:\xampp\htdocs\tercer_cielo\tests\BannersTest.php" line="104" class="BannersTest" classname="BannersTest" assertions="5" time="0.027294"/>
        <testcase name="testActualizarBannerSinDatos" file="C:\xampp\htdocs\tercer_cielo\tests\BannersTest.php" line="135" class="BannersTest" classname="BannersTest" assertions="2" time="0.001421"/>
        <testcase name="testCambiarEstadoBanner" file="C:\xampp\htdocs\tercer_cielo\tests\BannersTest.php" line="145" class="BannersTest" classname="BannersTest" assertions="4" time="0.018760"/>
        <testcase name="testObtenerBannerInexistente" file="C:\xampp\htdocs\tercer_cielo\tests\BannersTest.php" line="172" class="BannersTest" classname="BannersTest" assertions="2" time="0.002111"/>
        <testcase name="testEliminarBanner" file="C:\xampp\htdocs\tercer_cielo\tests\BannersTest.php" line="182" class="BannersTest" classname="BannersTest" assertions="3" time="0.016523"/>
        <testcase name="testObtenerProductosParaBanner" file="C:\xampp\htdocs\tercer_cielo\tests\BannersTest.php" line="206" class="BannersTest" classname="BannersTest" assertions="5" time="0.004760"/>
        <testcase name="testObtenerCategoriasParaBanner" file="C:\xampp\htdocs\tercer_cielo\tests\BannersTest.php" line="222" class="BannersTest" classname="BannersTest" assertions="4" time="0.003236"/>
        <testcase name="testObtenerUrlEnlaceBanner" file="C:\xampp\htdocs\tercer_cielo\tests\BannersTest.php" line="237" class="BannersTest" classname="BannersTest" assertions="4" time="0.002164"/>
      </testsuite>
      <testsuite name="BoletaTest" file="C:\xampp\htdocs\tercer_cielo\tests\BoletaTest.php" tests="13" assertions="32" errors="0" failures="0" skipped="0" time="0.132528">
        <testcase name="testFuncionGenerarBoletaExiste" file="C:\xampp\htdocs\tercer_cielo\tests\BoletaTest.php" line="40" class="BoletaTest" classname="BoletaTest" assertions="2" time="0.002313"/>
        <testcase name="testTCPDFDisponible" file="C:\xampp\htdocs\tercer_cielo\tests\BoletaTest.php" line="50" class="BoletaTest" classname="BoletaTest" assertions="2" time="0.047306"/>
        <testcase name="testGenerarBoletaPedidoInexistente" file="C:\xampp\htdocs\tercer_cielo\tests\BoletaTest.php" line="63" class="BoletaTest" classname="BoletaTest" assertions="2" time="0.006159"/>
        <testcase name="testGenerarBoletaPedidoValido" file="C:\xampp\htdocs\tercer_cielo\tests\BoletaTest.php" line="81" class="BoletaTest" classname="BoletaTest" assertions="2" time="0.049763"/>
        <testcase name="testDirectorioBoletasExiste" file="C:\xampp\htdocs\tercer_cielo\tests\BoletaTest.php" line="122" class="BoletaTest" classname="BoletaTest" assertions="3" time="0.003213"/>
        <testcase name="testEstructuraPedidoParaBoleta" file="C:\xampp\htdocs\tercer_cielo\tests\BoletaTest.php" line="145" class="BoletaTest" classname="BoletaTest" assertions="6" time="0.005364"/>
        <testcase name="testPedidoTieneDetalles" file="C:\xampp\htdocs\tercer_cielo\tests\BoletaTest.php" line="171" class="BoletaTest" classname="BoletaTest" assertions="2" time="0.003017"/>
        <testcase name="testFormatoCodigoPedido" file="C:\xampp\htdocs\tercer_cielo\tests\BoletaTest.php" line="205" class="BoletaTest" classname="BoletaTest" assertions="2" time="0.002111"/>
        <testcase name="testCalcularTotalPedido" file="C:\xampp\htdocs\tercer_cielo\tests\BoletaTest.php" line="220" class="BoletaTest" classname="BoletaTest" assertions="2" time="0.002081"/>
        <testcase name="testFormatearPrecio" file="C:\xampp\htdocs\tercer_cielo\tests\BoletaTest.php" line="244" class="BoletaTest" classname="BoletaTest" assertions="2" time="0.003384"/>
        <testcase name="testLongitudNombreArchivoPDF" file="C:\xampp\htdocs\tercer_cielo\tests\BoletaTest.php" line="260" class="BoletaTest" classname="BoletaTest" assertions="2" time="0.001348"/>
        <testcase name="testPermisosDirectorioUploads" file="C:\xampp\htdocs\tercer_cielo\tests\BoletaTest.php" line="276" class="BoletaTest" classname="BoletaTest" assertions="3" time="0.002060"/>
        <testcase name="testEscrituraEnDirectorioBoletas" file="C:\xampp\htdocs\tercer_cielo\tests\BoletaTest.php" line="302" class="BoletaTest" classname="BoletaTest" assertions="2" time="0.004410"/>
      </testsuite>
      <testsuite name="CarritoTest" file="C:\xampp\htdocs\tercer_cielo\tests\CarritoTest.php" tests="9" assertions="16" errors="0" failures="0" skipped="0" time="0.028603">
        <testcase name="testAgregarProductoAlCarrito" file="C:\xampp\htdocs\tercer_cielo\tests\CarritoTest.php" line="34" class="CarritoTest" classname="CarritoTest" assertions="3" time="0.004211"/>
        <testcase name="testAgregarMultiplesProductos" file="C:\xampp\htdocs\tercer_cielo\tests\CarritoTest.php" line="49" class="CarritoTest" classname="CarritoTest" assertions="2" time="0.003737"/>
        <testcase name="testAgregarProductoExistenteIncrementaCantidad" file="C:\xampp\htdocs\tercer_cielo\tests\CarritoTest.php" line="64" class="CarritoTest" classname="CarritoTest" assertions="1" time="0.003820"/>
        <testcase name="testEliminarProductoDelCarrito" file="C:\xampp\htdocs\tercer_cielo\tests\CarritoTest.php" line="77" class="CarritoTest" classname="CarritoTest" assertions="2" time="0.003580"/>
        <testcase name="testActualizarCantidadProducto" file="C:\xampp\htdocs\tercer_cielo\tests\CarritoTest.php" line="92" class="CarritoTest" classname="CarritoTest" assertions="2" time="0.004071"/>
        <testcase name="testActualizarCantidadACeroEliminaProducto" file="C:\xampp\htdocs\tercer_cielo\tests\CarritoTest.php" line="105" class="CarritoTest" classname="CarritoTest" assertions="2" time="0.002829"/>
        <testcase name="testTotalCarritoVacio" file="C:\xampp\htdocs\tercer_cielo\tests\CarritoTest.php" line="118" class="CarritoTest" classname="CarritoTest" assertions="1" time="0.001986"/>
        <testcase name="testContarItemsCarritoVacio" file="C:\xampp\htdocs\tercer_cielo\tests\CarritoTest.php" line="128" class="CarritoTest" classname="CarritoTest" assertions="1" time="0.001862"/>
        <testcase name="testGetCarritoSinSesion" file="C:\xampp\htdocs\tercer_cielo\tests\CarritoTest.php" line="138" class="CarritoTest" classname="CarritoTest" assertions="2" time="0.002507"/>
      </testsuite>
      <testsuite name="CorreoTest" file="C:\xampp\htdocs\tercer_cielo\tests\CorreoTest.php" tests="13" assertions="38" errors="0" failures="0" skipped="0" time="0.024782">
        <testcase name="testFuncionEnviarCorreoExiste" file="C:\xampp\htdocs\tercer_cielo\tests\CorreoTest.php" line="26" class="CorreoTest" classname="CorreoTest" assertions="2" time="0.001196"/>
        <testcase name="testParametrosBasicos" file="C:\xampp\htdocs\tercer_cielo\tests\CorreoTest.php" line="39" class="CorreoTest" classname="CorreoTest" assertions="7" time="0.001913"/>
        <testcase name="testPHPMailerDisponible" file="C:\xampp\htdocs\tercer_cielo\tests\CorreoTest.php" line="68" class="CorreoTest" classname="CorreoTest" assertions="1" time="0.001372"/>
        <testcase name="testValidarFormatoEmail" file="C:\xampp\htdocs\tercer_cielo\tests\CorreoTest.php" line="78" class="CorreoTest" classname="CorreoTest" assertions="2" time="0.001350"/>
        <testcase name="testEstructuraCorreoHTML" file="C:\xampp\htdocs\tercer_cielo\tests\CorreoTest.php" line="94" class="CorreoTest" classname="CorreoTest" assertions="3" time="0.002406"/>
        <testcase name="testConversionHTMLaTexto" file="C:\xampp\htdocs\tercer_cielo\tests\CorreoTest.php" line="107" class="CorreoTest" classname="CorreoTest" assertions="3" time="0.001828"/>
        <testcase name="testValidarPathAdjunto" file="C:\xampp\htdocs\tercer_cielo\tests\CorreoTest.php" line="121" class="CorreoTest" classname="CorreoTest" assertions="2" time="0.002911"/>
        <testcase name="testPlantillaConVariables" file="C:\xampp\htdocs\tercer_cielo\tests\CorreoTest.php" line="148" class="CorreoTest" classname="CorreoTest" assertions="4" time="0.001770"/>
        <testcase name="testConfiguracionSMTP" file="C:\xampp\htdocs\tercer_cielo\tests\CorreoTest.php" line="168" class="CorreoTest" classname="CorreoTest" assertions="4" time="0.001448"/>
        <testcase name="testGeneracionCIDUnico" file="C:\xampp\htdocs\tercer_cielo\tests\CorreoTest.php" line="184" class="CorreoTest" classname="CorreoTest" assertions="2" time="0.002254"/>
        <testcase name="testValidarExtensionesAdjuntos" file="C:\xampp\htdocs\tercer_cielo\tests\CorreoTest.php" line="197" class="CorreoTest" classname="CorreoTest" assertions="3" time="0.001828"/>
        <testcase name="testEscaparCaracteresHTML" file="C:\xampp\htdocs\tercer_cielo\tests\CorreoTest.php" line="216" class="CorreoTest" classname="CorreoTest" assertions="2" time="0.003273"/>
        <testcase name="testLongitudAsunto" file="C:\xampp\htdocs\tercer_cielo\tests\CorreoTest.php" line="229" class="CorreoTest" classname="CorreoTest" assertions="3" time="0.001234"/>
      </testsuite>
      <testsuite name="ImagenesTest" file="C:\xampp\htdocs\tercer_cielo\tests\ImagenesTest.php" tests="9" assertions="23" errors="0" failures="0" skipped="0" time="0.048231">
        <testcase name="testValidarImagenSinArchivo" file="C:\xampp\htdocs\tercer_cielo\tests\ImagenesTest.php" line="25" class="ImagenesTest" classname="ImagenesTest" assertions="2" time="0.001418"/>
        <testcase name="testValidarImagenConErrorCarga" file="C:\xampp\htdocs\tercer_cielo\tests\ImagenesTest.php" line="38" class="ImagenesTest" classname="ImagenesTest" assertions="2" time="0.001223"/>
        <testcase name="testValidarImagenTamañoExcesivo" file="C:\xampp\htdocs\tercer_cielo\tests\ImagenesTest.php" line="51" class="ImagenesTest" classname="ImagenesTest" assertions="2" time="0.027771"/>
        <testcase name="testObtenerExtensionPorMime" file="C:\xampp\htdocs\tercer_cielo\tests\ImagenesTest.php" line="75" class="ImagenesTest" classname="ImagenesTest" assertions="5" time="0.004588"/>
        <testcase name="testObtenerExtensionMimeDesconocido" file="C:\xampp\htdocs\tercer_cielo\tests\ImagenesTest.php" line="88" class="ImagenesTest" classname="ImagenesTest" assertions="1" time="0.002024"/>
        <testcase name="testEliminarImagenInexistente" file="C:\xampp\htdocs\tercer_cielo\tests\ImagenesTest.php" line="99" class="ImagenesTest" classname="ImagenesTest" assertions="1" time="0.001638"/>
        <testcase name="testCrearYEliminarImagen" file="C:\xampp\htdocs\tercer_cielo\tests\ImagenesTest.php" line="112" class="ImagenesTest" classname="ImagenesTest" assertions="3" time="0.006053"/>
        <testcase name="testTiposArchivoPermitidos" file="C:\xampp\htdocs\tercer_cielo\tests\ImagenesTest.php" line="140" class="ImagenesTest" classname="ImagenesTest" assertions="6" time="0.002380"/>
        <testcase name="testLimiteTamaño" file="C:\xampp\htdocs\tercer_cielo\tests\ImagenesTest.php" line="160" class="ImagenesTest" classname="ImagenesTest" assertions="1" time="0.001135"/>
      </testsuite>
      <testsuite name="InventarioTest" file="C:\xampp\htdocs\tercer_cielo\tests\InventarioTest.php" tests="8" assertions="22" errors="0" failures="0" skipped="0" time="0.092144">
        <testcase name="testRegistrarMovimientoEntrada" file="C:\xampp\htdocs\tercer_cielo\tests\InventarioTest.php" line="38" class="InventarioTest" classname="InventarioTest" assertions="3" time="0.011767"/>
        <testcase name="testRegistrarMovimientoSalida" file="C:\xampp\htdocs\tercer_cielo\tests\InventarioTest.php" line="58" class="InventarioTest" classname="InventarioTest" assertions="3" time="0.011396"/>
        <testcase name="testRegistrarMovimientoConCantidadCero" file="C:\xampp\htdocs\tercer_cielo\tests\InventarioTest.php" line="84" class="InventarioTest" classname="InventarioTest" assertions="2" time="0.002043"/>
        <testcase name="testRegistrarMovimientoConCantidadNegativa" file="C:\xampp\htdocs\tercer_cielo\tests\InventarioTest.php" line="95" class="InventarioTest" classname="InventarioTest" assertions="2" time="0.002613"/>
        <testcase name="testMultiplesMovimientos" file="C:\xampp\htdocs\tercer_cielo\tests\InventarioTest.php" line="106" class="InventarioTest" classname="InventarioTest" assertions="4" time="0.026711"/>
        <testcase name="testRegistrarMovimientoProductoInexistente" file="C:\xampp\htdocs\tercer_cielo\tests\InventarioTest.php" line="130" class="InventarioTest" classname="InventarioTest" assertions="2" time="0.010578"/>
        <testcase name="testMovimientoSeRegistraEnTabla" file="C:\xampp\htdocs\tercer_cielo\tests\InventarioTest.php" line="141" class="InventarioTest" classname="InventarioTest" assertions="2" time="0.013649"/>
        <testcase name="testMovimientoConPdoExterno" file="C:\xampp\htdocs\tercer_cielo\tests\InventarioTest.php" line="165" class="InventarioTest" classname="InventarioTest" assertions="4" time="0.013388"/>
      </testsuite>
      <testsuite name="PedidoTest" file="C:\xampp\htdocs\tercer_cielo\tests\PedidoTest.php" tests="3" assertions="10" errors="0" failures="0" skipped="0" time="3.517435">
        <testcase name="testCrearPedidoExitoso" file="C:\xampp\htdocs\tercer_cielo\tests\PedidoTest.php" line="107" class="PedidoTest" classname="PedidoTest" assertions="4" time="0.027622"/>
        <testcase name="testCrearPedidoCarritoVacio" file="C:\xampp\htdocs\tercer_cielo\tests\PedidoTest.php" line="132" class="PedidoTest" classname="PedidoTest" assertions="2" time="0.001459"/>
        <testcase name="testActualizarEstadoPedido" file="C:\xampp\htdocs\tercer_cielo\tests\PedidoTest.php" line="143" class="PedidoTest" classname="PedidoTest" assertions="4" time="3.488354"/>
      </testsuite>
      <testsuite name="ProductoTest" file="C:\xampp\htdocs\tercer_cielo\tests\ProductoTest.php" tests="4" assertions="8" errors="0" failures="0" skipped="0" time="0.049402">
        <testcase name="testAgregarProducto" file="C:\xampp\htdocs\tercer_cielo\tests\ProductoTest.php" line="24" class="ProductoTest" classname="ProductoTest" assertions="3" time="0.022468"/>
        <testcase name="testActualizarProducto" file="C:\xampp\htdocs\tercer_cielo\tests\ProductoTest.php" line="41" class="ProductoTest" classname="ProductoTest" assertions="1" time="0.011893"/>
        <testcase name="testEliminarProducto" file="C:\xampp\htdocs\tercer_cielo\tests\ProductoTest.php" line="56" class="ProductoTest" classname="ProductoTest" assertions="2" time="0.012546"/>
        <testcase name="testBusquedaProductos" file="C:\xampp\htdocs\tercer_cielo\tests\ProductoTest.php" line="70" class="ProductoTest" classname="ProductoTest" assertions="2" time="0.002495"/>
      </testsuite>
      <testsuite name="UsuarioTest" file="C:\xampp\htdocs\tercer_cielo\tests\UsuarioTest.php" tests="6" assertions="21" errors="0" failures="0" skipped="0" time="0.420553">
        <testcase name="testRegistroExitoso" file="C:\xampp\htdocs\tercer_cielo\tests\UsuarioTest.php" line="27" class="UsuarioTest" classname="UsuarioTest" assertions="5" time="0.143106"/>
        <testcase name="testRegistroEmailDuplicado" file="C:\xampp\htdocs\tercer_cielo\tests\UsuarioTest.php" line="46" class="UsuarioTest" classname="UsuarioTest" assertions="2" time="0.067966"/>
        <testcase name="testRegistroCamposVacios" file="C:\xampp\htdocs\tercer_cielo\tests\UsuarioTest.php" line="56" class="UsuarioTest" classname="UsuarioTest" assertions="2" time="0.001290"/>
        <testcase name="testRegistroPasswordDebil" file="C:\xampp\htdocs\tercer_cielo\tests\UsuarioTest.php" line="66" class="UsuarioTest" classname="UsuarioTest" assertions="3" time="0.130809"/>
        <testcase name="testLoginExitoso" file="C:\xampp\htdocs\tercer_cielo\tests\UsuarioTest.php" line="83" class="UsuarioTest" classname="UsuarioTest" assertions="5" time="0.065611"/>
        <testcase name="testActualizarUsuario" file="C:\xampp\htdocs\tercer_cielo\tests\UsuarioTest.php" line="96" class="UsuarioTest" classname="UsuarioTest" assertions="4" time="0.011771"/>
      </testsuite>
    </testsuite>
  </testsuite>
</testsuites>
